0 info it worked if it ends with ok
1 verbose cli [ 'E:\\WebDevNode\\NodeJSPortable\\App\\NodeJS\\node.exe',
1 verbose cli   'E:\\WebDevNode\\NodeJSPortable\\Data\\node_modules\\npm\\bin\\npm-cli.js',
1 verbose cli   'run',
1 verbose cli   'dev' ]
2 info using npm@3.5.3
3 info using node@v5.7.0
4 verbose stack Error: missing script: dev
4 verbose stack     at run (E:\WebDevNode\NodeJSPortable\Data\node_modules\npm\lib\run-script.js:147:19)
4 verbose stack     at E:\WebDevNode\NodeJSPortable\Data\node_modules\npm\lib\run-script.js:57:5
4 verbose stack     at E:\WebDevNode\NodeJSPortable\Data\node_modules\npm\node_modules\read-package-json\read-json.js:345:5
4 verbose stack     at checkBinReferences_ (E:\WebDevNode\NodeJSPortable\Data\node_modules\npm\node_modules\read-package-json\read-json.js:309:45)
4 verbose stack     at final (E:\WebDevNode\NodeJSPortable\Data\node_modules\npm\node_modules\read-package-json\read-json.js:343:3)
4 verbose stack     at then (E:\WebDevNode\NodeJSPortable\Data\node_modules\npm\node_modules\read-package-json\read-json.js:113:5)
4 verbose stack     at ReadFileContext.<anonymous> (E:\WebDevNode\NodeJSPortable\Data\node_modules\npm\node_modules\read-package-json\read-json.js:284:20)
4 verbose stack     at ReadFileContext.callback (E:\WebDevNode\NodeJSPortable\Data\node_modules\npm\node_modules\graceful-fs\graceful-fs.js:76:16)
4 verbose stack     at FSReqWrap.readFileAfterOpen [as oncomplete] (fs.js:324:13)
5 verbose cwd E:\WebDevNode\NodeDevFall2017\public_html\week5\lab5
6 error Windows_NT 6.1.7601
7 error argv "E:\\WebDevNode\\NodeJSPortable\\App\\NodeJS\\node.exe" "E:\\WebDevNode\\NodeJSPortable\\Data\\node_modules\\npm\\bin\\npm-cli.js" "run" "dev"
8 error node v5.7.0
9 error npm  v3.5.3
10 error missing script: dev
11 error If you need help, you may report this error at:
11 error     <https://github.com/npm/npm/issues>
12 verbose exit [ 1, true ]
