0 info it worked if it ends with ok
1 verbose cli [ 'E:\\WebDevNode\\NodeJSPortable\\App\\NodeJS\\node.exe',
1 verbose cli   'E:\\WebDevNode\\NodeJSPortable\\Data\\node_modules\\npm\\bin\\npm-cli.js',
1 verbose cli   'run',
1 verbose cli   'dev:pc' ]
2 info using npm@3.5.3
3 info using node@v5.7.0
4 verbose stack Error: ENOENT: no such file or directory, open 'E:\WebDevNode\NodeDevFall2017\public_html\Final\package.json'
4 verbose stack     at Error (native)
5 verbose cwd E:\WebDevNode\NodeDevFall2017\public_html\Final
6 error Windows_NT 6.1.7601
7 error argv "E:\\WebDevNode\\NodeJSPortable\\App\\NodeJS\\node.exe" "E:\\WebDevNode\\NodeJSPortable\\Data\\node_modules\\npm\\bin\\npm-cli.js" "run" "dev:pc"
8 error node v5.7.0
9 error npm  v3.5.3
10 error path E:\WebDevNode\NodeDevFall2017\public_html\Final\package.json
11 error code ENOENT
12 error errno -4058
13 error syscall open
14 error enoent ENOENT: no such file or directory, open 'E:\WebDevNode\NodeDevFall2017\public_html\Final\package.json'
15 error enoent ENOENT: no such file or directory, open 'E:\WebDevNode\NodeDevFall2017\public_html\Final\package.json'
15 error enoent This is most likely not a problem with npm itself
15 error enoent and is related to npm not being able to find a file.
16 verbose exit [ -4058, true ]
