0 info it worked if it ends with ok
1 verbose cli [ 'E:\\WebDevNode\\NodeJSPortable\\App\\NodeJS\\node.exe',
1 verbose cli   'E:\\WebDevNode\\NodeJSPortable\\Data\\node_modules\\npm\\bin\\npm-cli.js',
1 verbose cli   'start' ]
2 info using npm@3.5.3
3 info using node@v5.7.0
4 verbose run-script [ 'prestart', 'start', 'poststart' ]
5 info lifecycle demo@0.0.0~prestart: demo@0.0.0
6 silly lifecycle demo@0.0.0~prestart: no script for prestart, continuing
7 info lifecycle demo@0.0.0~start: demo@0.0.0
8 verbose lifecycle demo@0.0.0~start: unsafe-perm in lifecycle true
9 verbose lifecycle demo@0.0.0~start: PATH: E:\WebDevNode\NodeJSPortable\Data\node_modules\npm\bin\node-gyp-bin;E:\WebDevNode\NodeDevFall2017\public_html\week8\demo\node_modules\.bin;E:\WebDevNode\NodeJSPortable\App\NodeJS;E:\WebDevNode\NodeJSPortable\Data;C:\Program Files\Python36\Scripts\;C:\Program Files\Python36\;C:\Program Files (x86)\NVIDIA Corporation\PhysX\Common;C:\Program Files (x86)\ActiveState Komodo Edit 9 nightly\;C:\Program Files (x86)\Microsoft DirectX SDK (March 2008)\Utilities\Bin\x86;C:\Program Files (x86)\Microsoft DirectX SDK (August 2007)\Utilities\Bin\x86;C:\Program Files (x86)\Pervasive Software\PSQL\bin\;C:\ProgramData\Oracle\Java\javapath;C:\Windows\system32;C:\Windows;C:\Windows\System32\Wbem;C:\Windows\System32\WindowsPowerShell\v1.0\;C:\Program Files (x86)\QuickTime\QTSystem\;c:\Program Files (x86)\Microsoft SQL Server\100\Tools\Binn\;c:\Program Files\Microsoft SQL Server\100\Tools\Binn\;c:\Program Files\Microsoft SQL Server\100\DTS\Binn\;C:\Program Files\Microsoft SQL Server\110\DTS\Binn\;C:\Program Files (x86)\Microsoft SQL Server\110\Tools\Binn\ManagementStudio\;C:\Program Files (x86)\Microsoft SQL Server\110\Tools\Binn\;C:\Program Files\Microsoft SQL Server\110\Tools\Binn\;C:\Program Files (x86)\Microsoft Visual Studio 10.0\Common7\IDE\PrivateAssemblies\;C:\Program Files (x86)\Microsoft SQL Server\110\DTS\Binn\;C:\Program Files\Microsoft\Web Platform Installer\;C:\Program Files (x86)\Microsoft ASP.NET\ASP.NET Web Pages\v1.0\;C:\Program Files (x86)\Microsoft SQL Server\90\Tools\binn\;C:\Program Files (x86)\GitExtensions\;C:\Program Files\Perforce;C:\Program Files\Common Files\Autodesk Shared\;C:\Program Files (x86)\Windows Kits\8.1\Windows Performance Toolkit\;C:\Program Files (x86)\Autodesk\Backburner\;C:\Program Files\Microsoft SQL Server\120\DTS\Binn\;C:\Program Files\Microsoft SQL Server\Client SDK\ODBC\110\Tools\Binn\;C:\Program Files (x86)\Microsoft SQL Server\120\Tools\Binn\ManagementStudio\;C:\Program Files (x86)\Microsoft SQL Server\120\Tools\Binn\;C:\Program Files\Microsoft SQL Server\120\Tools\Binn\;C:\Program Files (x86)\Microsoft SQL Server\120\DTS\Binn\;C:\Program Files (x86)\Common Files\Intuit\QBPOSSDKRuntime;C:\Windows\system32\config\systemprofile\.dnx\bin;C:\Program Files\Microsoft DNX\Dnvm\;C:\Program Files\Microsoft SQL Server\130\Tools\Binn\;C:\Program Files\Git\cmd;C:\Program Files (x86)\GtkSharp\2.12\bin;C:\Program Files (x86)\Skype\Phone\
10 verbose lifecycle demo@0.0.0~start: CWD: E:\WebDevNode\NodeDevFall2017\public_html\week8\demo
11 silly lifecycle demo@0.0.0~start: Args: [ '/d /s /c', 'SET PORT=3001 & node ./bin/www' ]
12 silly lifecycle demo@0.0.0~start: Returned: code: 1  signal: null
13 info lifecycle demo@0.0.0~start: Failed to exec start script
14 verbose stack Error: demo@0.0.0 start: `SET PORT=3001 & node ./bin/www`
14 verbose stack Exit status 1
14 verbose stack     at EventEmitter.<anonymous> (E:\WebDevNode\NodeJSPortable\Data\node_modules\npm\lib\utils\lifecycle.js:232:16)
14 verbose stack     at emitTwo (events.js:100:13)
14 verbose stack     at EventEmitter.emit (events.js:185:7)
14 verbose stack     at ChildProcess.<anonymous> (E:\WebDevNode\NodeJSPortable\Data\node_modules\npm\lib\utils\spawn.js:24:14)
14 verbose stack     at emitTwo (events.js:100:13)
14 verbose stack     at ChildProcess.emit (events.js:185:7)
14 verbose stack     at maybeClose (internal/child_process.js:827:16)
14 verbose stack     at Process.ChildProcess._handle.onexit (internal/child_process.js:211:5)
15 verbose pkgid demo@0.0.0
16 verbose cwd E:\WebDevNode\NodeDevFall2017\public_html\week8\demo
17 error Windows_NT 6.1.7601
18 error argv "E:\\WebDevNode\\NodeJSPortable\\App\\NodeJS\\node.exe" "E:\\WebDevNode\\NodeJSPortable\\Data\\node_modules\\npm\\bin\\npm-cli.js" "start"
19 error node v5.7.0
20 error npm  v3.5.3
21 error code ELIFECYCLE
22 error demo@0.0.0 start: `SET PORT=3001 & node ./bin/www`
22 error Exit status 1
23 error Failed at the demo@0.0.0 start script 'SET PORT=3001 & node ./bin/www'.
23 error Make sure you have the latest version of node.js and npm installed.
23 error If you do, this is most likely a problem with the demo package,
23 error not with npm itself.
23 error Tell the author that this fails on your system:
23 error     SET PORT=3001 & node ./bin/www
23 error You can get information on how to open an issue for this project with:
23 error     npm bugs demo
23 error Or if that isn't available, you can get their info via:
23 error     npm owner ls demo
23 error There is likely additional logging output above.
24 verbose exit [ 1, true ]
